$ sudo docker build -t flaskapp:latest .
Sending build context to Docker daemon   7.26MB
Step 1/8 : FROM alpine:latest
 ---> a187dde48cd2
Step 2/8 : RUN apk add --no-cache python3-dev     && pip3 install --upgrade pip
 ---> Using cache
 ---> 0b9bfc541d47
Step 3/8 : WORKDIR /app
 ---> Using cache
 ---> c05f06c3d4cd
Step 4/8 : COPY . /app
 ---> 59e0ddc32598
Step 5/8 : RUN pip3 install -r requirements.txt
 ---> Running in 16ef73d3ae96
Collecting sqlalchemy
  Downloading SQLAlchemy-1.3.16.tar.gz (6.1 MB)
Collecting aniso8601==8.0.0
  Downloading aniso8601-8.0.0-py2.py3-none-any.whl (43 kB)
Collecting astroid==2.3.3
  Downloading astroid-2.3.3-py3-none-any.whl (205 kB)
Collecting certifi==2019.11.28
  Downloading certifi-2019.11.28-py2.py3-none-any.whl (156 kB)
Collecting chardet==3.0.4
  Downloading chardet-3.0.4-py2.py3-none-any.whl (133 kB)
Collecting Click==7.0
  Downloading Click-7.0-py2.py3-none-any.whl (81 kB)
Collecting Flask==1.1.1
  Downloading Flask-1.1.1-py2.py3-none-any.whl (94 kB)
Collecting Flask-RESTful==0.3.8
  Downloading Flask_RESTful-0.3.8-py2.py3-none-any.whl (25 kB)
Collecting idna==2.8
  Downloading idna-2.8-py2.py3-none-any.whl (58 kB)
Collecting isort==4.3.21
  Downloading isort-4.3.21-py2.py3-none-any.whl (42 kB)
Collecting itsdangerous==1.1.0
  Downloading itsdangerous-1.1.0-py2.py3-none-any.whl (16 kB)
Collecting Jinja2==2.11.1
  Downloading Jinja2-2.11.1-py2.py3-none-any.whl (126 kB)
Collecting lazy-object-proxy==1.4.3
  Downloading lazy-object-proxy-1.4.3.tar.gz (34 kB)
  Installing build dependencies: started
  Installing build dependencies: finished with status 'done'
  Getting requirements to build wheel: started
  Getting requirements to build wheel: finished with status 'done'
    Preparing wheel metadata: started
    Preparing wheel metadata: finished with status 'done'
Collecting MarkupSafe==1.1.1
  Downloading MarkupSafe-1.1.1.tar.gz (19 kB)
Collecting mccabe==0.6.1
  Downloading mccabe-0.6.1-py2.py3-none-any.whl (8.6 kB)
Collecting nltk==3.4.5
  Downloading nltk-3.4.5.zip (1.5 MB)
Collecting oauthlib==3.1.0
  Downloading oauthlib-3.1.0-py2.py3-none-any.whl (147 kB)
Collecting pylint==2.4.4
  Downloading pylint-2.4.4-py3-none-any.whl (302 kB)
Collecting PySocks==1.7.1
  Downloading PySocks-1.7.1-py3-none-any.whl (16 kB)
Collecting pytz==2019.3
  Downloading pytz-2019.3-py2.py3-none-any.whl (509 kB)
Collecting requests==2.22.0
  Downloading requests-2.22.0-py2.py3-none-any.whl (57 kB)
Collecting requests-oauthlib==1.3.0
  Downloading requests_oauthlib-1.3.0-py2.py3-none-any.whl (23 kB)
Collecting six==1.14.0
  Downloading six-1.14.0-py2.py3-none-any.whl (10 kB)
Collecting textblob==0.15.3
  Downloading textblob-0.15.3-py2.py3-none-any.whl (636 kB)
Collecting tweepy==3.8.0
  Downloading tweepy-3.8.0-py2.py3-none-any.whl (28 kB)
Collecting urllib3==1.25.8
  Downloading urllib3-1.25.8-py2.py3-none-any.whl (125 kB)
Collecting Werkzeug==1.0.0
  Downloading Werkzeug-1.0.0-py2.py3-none-any.whl (298 kB)
Collecting wrapt==1.11.2
  Downloading wrapt-1.11.2.tar.gz (27 kB)
Collecting plotly
  Downloading plotly-4.6.0-py2.py3-none-any.whl (7.1 MB)
Collecting flask-sqlalchemy
  Downloading Flask_SQLAlchemy-2.4.1-py2.py3-none-any.whl (17 kB)
Collecting flask-migrate
  Downloading Flask_Migrate-2.5.3-py2.py3-none-any.whl (13 kB)
Collecting retrying>=1.3.3
  Downloading retrying-1.3.3.tar.gz (10 kB)
Collecting alembic>=0.7
  Downloading alembic-1.4.2.tar.gz (1.1 MB)
  Installing build dependencies: started
  Installing build dependencies: finished with status 'done'
  Getting requirements to build wheel: started
  Getting requirements to build wheel: finished with status 'done'
    Preparing wheel metadata: started
    Preparing wheel metadata: finished with status 'done'
Collecting Mako
  Downloading Mako-1.1.2-py2.py3-none-any.whl (75 kB)
Collecting python-editor>=0.3
  Downloading python_editor-1.0.4-py3-none-any.whl (4.9 kB)
Collecting python-dateutil
  Downloading python_dateutil-2.8.1-py2.py3-none-any.whl (227 kB)
Building wheels for collected packages: lazy-object-proxy, alembic
  Building wheel for lazy-object-proxy (PEP 517): started
  Building wheel for lazy-object-proxy (PEP 517): finished with status 'done'
  Created wheel for lazy-object-proxy: filename=lazy_object_proxy-1.4.3-cp38-cp38-linux_x86_64.whl size=9998 sha256=2537410183d62d3ef540c72672e00d3306935f172b3e574c2337fb061ec18083
  Stored in directory: /root/.cache/pip/wheels/d7/f7/3b/6853df4a25a106662f20e70ad6bd448c8ae07d12ce80fb9063
  Building wheel for alembic (PEP 517): started
  Building wheel for alembic (PEP 517): finished with status 'done'
  Created wheel for alembic: filename=alembic-1.4.2-py2.py3-none-any.whl size=159543 sha256=e82b8ce3c15d2496d0c6e35e4f499e521498039d28474b23840db5ee8fe0ee0e
  Stored in directory: /root/.cache/pip/wheels/70/08/70/cea787a7e95817b831469fa42af076046e55a05f7c94657463
Successfully built lazy-object-proxy alembic
Installing collected packages: sqlalchemy, aniso8601, six, wrapt, lazy-object-proxy, astroid, certifi, chardet, Click, MarkupSafe, Jinja2, itsdangerous, Werkzeug, Flask, pytz, Flask-RESTful, idna, isort, mccabe, nltk, oauthlib, pylint, PySocks, urllib3, requests, requests-oauthlib, textblob, tweepy, retrying, plotly, flask-sqlalchemy, Mako, python-editor, python-dateutil, alembic, flask-migrate
    Running setup.py install for sqlalchemy: started
    Running setup.py install for sqlalchemy: finished with status 'done'
    Running setup.py install for wrapt: started
    Running setup.py install for wrapt: finished with status 'done'
    Running setup.py install for MarkupSafe: started
    Running setup.py install for MarkupSafe: finished with status 'done'
    Running setup.py install for nltk: started
    Running setup.py install for nltk: finished with status 'done'
    Running setup.py install for retrying: started
    Running setup.py install for retrying: finished with status 'done'
Successfully installed Click-7.0 Flask-1.1.1 Flask-RESTful-0.3.8 Jinja2-2.11.1 Mako-1.1.2 MarkupSafe-1.1.1 PySocks-1.7.1 Werkzeug-1.0.0 alembic-1.4.2 aniso8601-8.0.0 astroid-2.3.3 certifi-2019.11.28 chardet-3.0.4 flask-migrate-2.5.3 flask-sqlalchemy-2.4.1 idna-2.8 isort-4.3.21 itsdangerous-1.1.0 lazy-object-proxy-1.4.3 mccabe-0.6.1 nltk-3.4.5 oauthlib-3.1.0 plotly-4.6.0 pylint-2.4.4 python-dateutil-2.8.1 python-editor-1.0.4 pytz-2019.3 requests-2.22.0 requests-oauthlib-1.3.0 retrying-1.3.3 six-1.14.0 sqlalchemy-1.3.16 textblob-0.15.3 tweepy-3.8.0 urllib3-1.25.8 wrapt-1.11.2
Removing intermediate container 16ef73d3ae96
 ---> 8a734e99f6e1
Step 6/8 : EXPOSE 5000
 ---> Running in 667ecbb14130
Removing intermediate container 667ecbb14130
 ---> 1038a454e653
Step 7/8 : ENTRYPOINT ["python3"]
 ---> Running in 545244e3ef24
Removing intermediate container 545244e3ef24
 ---> 063cc5b896ee
Step 8/8 : CMD ["app.py"]
 ---> Running in fbc66cdd9361
Removing intermediate container fbc66cdd9361
 ---> 6f755868b9b5
Successfully built 6f755868b9b5
Successfully tagged flaskapp:latest

